<?xml version="1.0" encoding="UTF-8"?>
<testsuite name="co.uk.sjmillington.hello.GreetingControllerTest" tests="1" skipped="0" failures="0" errors="0" timestamp="2019-04-23T09:26:31" hostname="equipment" time="0.123">
  <properties/>
  <testcase name="greetingShouldReturnMessageFromService" classname="co.uk.sjmillington.hello.GreetingControllerTest" time="0.123"/>
  <system-out><![CDATA[10:26:28.197 [Test worker] DEBUG org.springframework.test.context.junit4.SpringJUnit4ClassRunner - SpringJUnit4ClassRunner constructor called with [class co.uk.sjmillington.hello.GreetingControllerTest]
10:26:28.213 [Test worker] DEBUG org.springframework.test.context.BootstrapUtils - Instantiating CacheAwareContextLoaderDelegate from class [org.springframework.test.context.cache.DefaultCacheAwareContextLoaderDelegate]
10:26:28.225 [Test worker] DEBUG org.springframework.test.context.BootstrapUtils - Instantiating BootstrapContext using constructor [public org.springframework.test.context.support.DefaultBootstrapContext(java.lang.Class,org.springframework.test.context.CacheAwareContextLoaderDelegate)]
10:26:28.258 [Test worker] DEBUG org.springframework.test.context.BootstrapUtils - Instantiating TestContextBootstrapper for test class [co.uk.sjmillington.hello.GreetingControllerTest] from class [org.springframework.boot.test.autoconfigure.web.servlet.WebMvcTestContextBootstrapper]
10:26:28.282 [Test worker] INFO org.springframework.boot.test.autoconfigure.web.servlet.WebMvcTestContextBootstrapper - Neither @ContextConfiguration nor @ContextHierarchy found for test class [co.uk.sjmillington.hello.GreetingControllerTest], using SpringBootContextLoader
10:26:28.286 [Test worker] DEBUG org.springframework.test.context.support.AbstractContextLoader - Did not detect default resource location for test class [co.uk.sjmillington.hello.GreetingControllerTest]: class path resource [co/uk/sjmillington/hello/GreetingControllerTest-context.xml] does not exist
10:26:28.286 [Test worker] DEBUG org.springframework.test.context.support.AbstractContextLoader - Did not detect default resource location for test class [co.uk.sjmillington.hello.GreetingControllerTest]: class path resource [co/uk/sjmillington/hello/GreetingControllerTestContext.groovy] does not exist
10:26:28.287 [Test worker] INFO org.springframework.test.context.support.AbstractContextLoader - Could not detect default resource locations for test class [co.uk.sjmillington.hello.GreetingControllerTest]: no resource found for suffixes {-context.xml, Context.groovy}.
10:26:28.288 [Test worker] INFO org.springframework.test.context.support.AnnotationConfigContextLoaderUtils - Could not detect default configuration classes for test class [co.uk.sjmillington.hello.GreetingControllerTest]: GreetingControllerTest does not declare any static, non-private, non-final, nested classes annotated with @Configuration.
10:26:28.395 [Test worker] DEBUG org.springframework.test.context.support.ActiveProfilesUtils - Could not find an 'annotation declaring class' for annotation type [org.springframework.test.context.ActiveProfiles] and class [co.uk.sjmillington.hello.GreetingControllerTest]
10:26:28.477 [Test worker] DEBUG org.springframework.context.annotation.ClassPathScanningCandidateComponentProvider - Identified candidate component class: file [/home/sam/IdeaProjects/SimpleSpringTesting/build/classes/java/main/co/uk/sjmillington/App.class]
10:26:28.478 [Test worker] INFO org.springframework.boot.test.context.SpringBootTestContextBootstrapper - Found @SpringBootConfiguration co.uk.sjmillington.App for test class co.uk.sjmillington.hello.GreetingControllerTest
10:26:28.480 [Test worker] DEBUG org.springframework.boot.test.autoconfigure.web.servlet.WebMvcTestContextBootstrapper - @TestExecutionListeners is not present for class [co.uk.sjmillington.hello.GreetingControllerTest]: using defaults.
10:26:28.480 [Test worker] INFO org.springframework.boot.test.autoconfigure.web.servlet.WebMvcTestContextBootstrapper - Loaded default TestExecutionListener class names from location [META-INF/spring.factories]: [org.springframework.boot.test.autoconfigure.restdocs.RestDocsTestExecutionListener, org.springframework.boot.test.autoconfigure.web.client.MockRestServiceServerResetTestExecutionListener, org.springframework.boot.test.autoconfigure.web.servlet.MockMvcPrintOnlyOnFailureTestExecutionListener, org.springframework.boot.test.autoconfigure.web.servlet.WebDriverTestExecutionListener, org.springframework.boot.test.mock.mockito.MockitoTestExecutionListener, org.springframework.boot.test.mock.mockito.ResetMocksTestExecutionListener, org.springframework.test.context.web.ServletTestExecutionListener, org.springframework.test.context.support.DirtiesContextBeforeModesTestExecutionListener, org.springframework.test.context.support.DependencyInjectionTestExecutionListener, org.springframework.test.context.support.DirtiesContextTestExecutionListener, org.springframework.test.context.transaction.TransactionalTestExecutionListener, org.springframework.test.context.jdbc.SqlScriptsTestExecutionListener]
10:26:28.491 [Test worker] DEBUG org.springframework.boot.test.autoconfigure.web.servlet.WebMvcTestContextBootstrapper - Skipping candidate TestExecutionListener [org.springframework.test.context.transaction.TransactionalTestExecutionListener] due to a missing dependency. Specify custom listener classes or make the default listener classes and their required dependencies available. Offending class: [org/springframework/transaction/TransactionDefinition]
10:26:28.492 [Test worker] DEBUG org.springframework.boot.test.autoconfigure.web.servlet.WebMvcTestContextBootstrapper - Skipping candidate TestExecutionListener [org.springframework.test.context.jdbc.SqlScriptsTestExecutionListener] due to a missing dependency. Specify custom listener classes or make the default listener classes and their required dependencies available. Offending class: [org/springframework/transaction/interceptor/TransactionAttribute]
10:26:28.492 [Test worker] INFO org.springframework.boot.test.autoconfigure.web.servlet.WebMvcTestContextBootstrapper - Using TestExecutionListeners: [org.springframework.test.context.web.ServletTestExecutionListener@23c02ca2, org.springframework.test.context.support.DirtiesContextBeforeModesTestExecutionListener@76db3340, org.springframework.boot.test.mock.mockito.MockitoTestExecutionListener@5cff8d73, org.springframework.boot.test.autoconfigure.SpringBootDependencyInjectionTestExecutionListener@54652abe, org.springframework.test.context.support.DirtiesContextTestExecutionListener@76e2a9ac, org.springframework.boot.test.autoconfigure.restdocs.RestDocsTestExecutionListener@590cc503, org.springframework.boot.test.autoconfigure.web.client.MockRestServiceServerResetTestExecutionListener@79b84f44, org.springframework.boot.test.autoconfigure.web.servlet.MockMvcPrintOnlyOnFailureTestExecutionListener@475aa17, org.springframework.boot.test.autoconfigure.web.servlet.WebDriverTestExecutionListener@6739dcfc, org.springframework.boot.test.mock.mockito.ResetMocksTestExecutionListener@582229c5]
10:26:28.496 [Test worker] DEBUG org.springframework.test.annotation.ProfileValueUtils - Retrieved @ProfileValueSourceConfiguration [null] for test class [co.uk.sjmillington.hello.GreetingControllerTest]
10:26:28.496 [Test worker] DEBUG org.springframework.test.annotation.ProfileValueUtils - Retrieved ProfileValueSource type [class org.springframework.test.annotation.SystemProfileValueSource] for class [co.uk.sjmillington.hello.GreetingControllerTest]
10:26:28.500 [Test worker] DEBUG org.springframework.test.annotation.ProfileValueUtils - Retrieved @ProfileValueSourceConfiguration [null] for test class [co.uk.sjmillington.hello.GreetingControllerTest]
10:26:28.500 [Test worker] DEBUG org.springframework.test.annotation.ProfileValueUtils - Retrieved ProfileValueSource type [class org.springframework.test.annotation.SystemProfileValueSource] for class [co.uk.sjmillington.hello.GreetingControllerTest]
10:26:28.501 [Test worker] DEBUG org.springframework.test.annotation.ProfileValueUtils - Retrieved @ProfileValueSourceConfiguration [null] for test class [co.uk.sjmillington.hello.GreetingControllerTest]
10:26:28.501 [Test worker] DEBUG org.springframework.test.annotation.ProfileValueUtils - Retrieved ProfileValueSource type [class org.springframework.test.annotation.SystemProfileValueSource] for class [co.uk.sjmillington.hello.GreetingControllerTest]
10:26:28.505 [Test worker] DEBUG org.springframework.test.context.support.AbstractDirtiesContextTestExecutionListener - Before test class: context [DefaultTestContext@7097a124 testClass = GreetingControllerTest, testInstance = [null], testMethod = [null], testException = [null], mergedContextConfiguration = [WebMergedContextConfiguration@7de9d055 testClass = GreetingControllerTest, locations = '{}', classes = '{class co.uk.sjmillington.App}', contextInitializerClasses = '[]', activeProfiles = '{}', propertySourceLocations = '{}', propertySourceProperties = '{org.springframework.boot.test.autoconfigure.web.servlet.WebMvcTestContextBootstrapper=true}', contextCustomizers = set[org.springframework.boot.test.autoconfigure.OverrideAutoConfigurationContextCustomizerFactory$DisableAutoConfigurationContextCustomizer@6853fc0e, org.springframework.boot.test.autoconfigure.filter.TypeExcludeFiltersContextCustomizer@5845ddf8, org.springframework.boot.test.autoconfigure.properties.PropertyMappingContextCustomizer@87a617d, org.springframework.boot.test.autoconfigure.web.servlet.WebDriverContextCustomizerFactory$Customizer@6eaa13c4, [ImportsContextCustomizer@112faaa1 key = [org.springframework.boot.autoconfigure.cache.CacheAutoConfiguration, org.springframework.boot.autoconfigure.context.MessageSourceAutoConfiguration, org.springframework.boot.autoconfigure.data.web.SpringDataWebAutoConfiguration, org.springframework.boot.autoconfigure.freemarker.FreeMarkerAutoConfiguration, org.springframework.boot.autoconfigure.groovy.template.GroovyTemplateAutoConfiguration, org.springframework.boot.autoconfigure.gson.GsonAutoConfiguration, org.springframework.boot.autoconfigure.hateoas.HypermediaAutoConfiguration, org.springframework.boot.autoconfigure.http.HttpMessageConvertersAutoConfiguration, org.springframework.boot.autoconfigure.jackson.JacksonAutoConfiguration, org.springframework.boot.autoconfigure.jsonb.JsonbAutoConfiguration, org.springframework.boot.autoconfigure.mustache.MustacheAutoConfiguration, org.springframework.boot.autoconfigure.task.TaskExecutionAutoConfiguration, org.springframework.boot.autoconfigure.thymeleaf.ThymeleafAutoConfiguration, org.springframework.boot.autoconfigure.validation.ValidationAutoConfiguration, org.springframework.boot.autoconfigure.web.servlet.error.ErrorMvcAutoConfiguration, org.springframework.boot.autoconfigure.web.servlet.WebMvcAutoConfiguration, org.springframework.boot.test.autoconfigure.web.servlet.MockMvcAutoConfiguration, org.springframework.boot.test.autoconfigure.web.servlet.MockMvcSecurityAutoConfiguration, org.springframework.boot.test.autoconfigure.web.servlet.MockMvcWebClientAutoConfiguration, org.springframework.boot.test.autoconfigure.web.servlet.MockMvcWebDriverAutoConfiguration]], org.springframework.boot.test.context.filter.ExcludeFilterContextCustomizer@46afc38b, org.springframework.boot.test.json.DuplicateJsonObjectContextCustomizerFactory$DuplicateJsonObjectContextCustomizer@3289d426, org.springframework.boot.test.mock.mockito.MockitoContextCustomizer@c1b0e2ca], resourceBasePath = '', contextLoader = 'org.springframework.boot.test.context.SpringBootContextLoader', parent = [null]], attributes = map[[empty]]], class annotated with @DirtiesContext [false] with mode [null].
10:26:28.506 [Test worker] DEBUG org.springframework.test.annotation.ProfileValueUtils - Retrieved @ProfileValueSourceConfiguration [null] for test class [co.uk.sjmillington.hello.GreetingControllerTest]
10:26:28.507 [Test worker] DEBUG org.springframework.test.annotation.ProfileValueUtils - Retrieved ProfileValueSource type [class org.springframework.test.annotation.SystemProfileValueSource] for class [co.uk.sjmillington.hello.GreetingControllerTest]
10:26:28.629 [Test worker] DEBUG org.springframework.test.context.support.TestPropertySourceUtils - Adding inlined properties to environment: {spring.jmx.enabled=false, org.springframework.boot.test.autoconfigure.web.servlet.WebMvcTestContextBootstrapper=true, server.port=-1}

  .   ____          _            __ _ _
 /\\ / ___'_ __ _ _(_)_ __  __ _ \ \ \ \
( ( )\___ | '_ | '_| | '_ \/ _` | \ \ \ \
 \\/  ___)| |_)| | | | | || (_| |  ) ) ) )
  '  |____| .__|_| |_|_| |_\__, | / / / /
 =========|_|==============|___/=/_/_/_/
 :: Spring Boot ::        (v2.1.4.RELEASE)

2019-04-23 10:26:28.953  INFO 13988 --- [    Test worker] c.u.s.hello.GreetingControllerTest       : Starting GreetingControllerTest on equipment with PID 13988 (started by sam in /home/sam/IdeaProjects/SimpleSpringTesting)
2019-04-23 10:26:28.959  INFO 13988 --- [    Test worker] c.u.s.hello.GreetingControllerTest       : No active profile set, falling back to default profiles: default
2019-04-23 10:26:30.648  INFO 13988 --- [    Test worker] o.s.s.concurrent.ThreadPoolTaskExecutor  : Initializing ExecutorService 'applicationTaskExecutor'
2019-04-23 10:26:31.009  INFO 13988 --- [    Test worker] o.s.b.t.m.w.SpringBootMockServletContext : Initializing Spring TestDispatcherServlet ''
2019-04-23 10:26:31.012  INFO 13988 --- [    Test worker] o.s.t.web.servlet.TestDispatcherServlet  : Initializing Servlet ''
2019-04-23 10:26:31.025  INFO 13988 --- [    Test worker] o.s.t.web.servlet.TestDispatcherServlet  : Completed initialization in 13 ms
2019-04-23 10:26:31.072  INFO 13988 --- [    Test worker] c.u.s.hello.GreetingControllerTest       : Started GreetingControllerTest in 2.433 seconds (JVM running for 3.634)

MockHttpServletRequest:
      HTTP Method = GET
      Request URI = /greeting
       Parameters = {}
          Headers = []
             Body = <no character encoding set>
    Session Attrs = {}

Handler:
             Type = co.uk.sjmillington.hello.GreetingController
           Method = public java.lang.String co.uk.sjmillington.hello.GreetingController.greeting()

Async:
    Async started = false
     Async result = null

Resolved Exception:
             Type = null

ModelAndView:
        View name = null
             View = null
            Model = null

FlashMap:
       Attributes = null

MockHttpServletResponse:
           Status = 200
    Error message = null
          Headers = [Content-Type:"text/plain;charset=UTF-8", Content-Length:"10"]
     Content type = text/plain;charset=UTF-8
             Body = Hello Mock
    Forwarded URL = null
   Redirected URL = null
          Cookies = []
]]></system-out>
  <system-err><![CDATA[]]></system-err>
</testsuite>
